<s>I'm telling you, if you see one set of bacchanal.</s>
<s>And right when it's around Phagwa celebrations</s>